ERROR - 2026-05-07 13:49:03 --> Error connecting to the database: mysqli_sql_exception: Connection refused in /home/elie/S4/Mr Rojo/Regime/system/Database/MySQLi/Connection.php:201
Stack trace:
#0 /home/elie/S4/Mr Rojo/Regime/system/Database/MySQLi/Connection.php(201): mysqli->real_connect()
#1 /home/elie/S4/Mr Rojo/Regime/system/Database/BaseConnection.php(555): CodeIgniter\Database\MySQLi\Connection->connect()
#2 /home/elie/S4/Mr Rojo/Regime/system/Database/BaseConnection.php(795): CodeIgniter\Database\BaseConnection->initialize()
#3 /home/elie/S4/Mr Rojo/Regime/app/Controllers/Home.php(14): CodeIgniter\Database\BaseConnection->query()
#4 /home/elie/S4/Mr Rojo/Regime/system/CodeIgniter.php(951): App\Controllers\Home->testConnexion()
#5 /home/elie/S4/Mr Rojo/Regime/system/CodeIgniter.php(497): CodeIgniter\CodeIgniter->runController()
#6 /home/elie/S4/Mr Rojo/Regime/system/CodeIgniter.php(340): CodeIgniter\CodeIgniter->handleRequest()
#7 /home/elie/S4/Mr Rojo/Regime/system/Boot.php(417): CodeIgniter\CodeIgniter->run()
#8 /home/elie/S4/Mr Rojo/Regime/system/Boot.php(68): CodeIgniter\Boot::runCodeIgniter()
#9 /home/elie/S4/Mr Rojo/Regime/public/index.php(59): CodeIgniter\Boot::bootWeb()
#10 /home/elie/S4/Mr Rojo/Regime/system/rewrite.php(44): require_once('...')
#11 {main}

Next CodeIgniter\Database\Exceptions\DatabaseException: Connection refused in /home/elie/S4/Mr Rojo/Regime/system/Database/MySQLi/Connection.php:231
Stack trace:
#0 /home/elie/S4/Mr Rojo/Regime/system/Database/BaseConnection.php(555): CodeIgniter\Database\MySQLi\Connection->connect()
#1 /home/elie/S4/Mr Rojo/Regime/system/Database/BaseConnection.php(795): CodeIgniter\Database\BaseConnection->initialize()
#2 /home/elie/S4/Mr Rojo/Regime/app/Controllers/Home.php(14): CodeIgniter\Database\BaseConnection->query()
#3 /home/elie/S4/Mr Rojo/Regime/system/CodeIgniter.php(951): App\Controllers\Home->testConnexion()
#4 /home/elie/S4/Mr Rojo/Regime/system/CodeIgniter.php(497): CodeIgniter\CodeIgniter->runController()
#5 /home/elie/S4/Mr Rojo/Regime/system/CodeIgniter.php(340): CodeIgniter\CodeIgniter->handleRequest()
#6 /home/elie/S4/Mr Rojo/Regime/system/Boot.php(417): CodeIgniter\CodeIgniter->run()
#7 /home/elie/S4/Mr Rojo/Regime/system/Boot.php(68): CodeIgniter\Boot::runCodeIgniter()
#8 /home/elie/S4/Mr Rojo/Regime/public/index.php(59): CodeIgniter\Boot::bootWeb()
#9 /home/elie/S4/Mr Rojo/Regime/system/rewrite.php(44): require_once('...')
#10 {main}
CRITICAL - 2026-05-07 13:49:03 --> CodeIgniter\Database\Exceptions\DatabaseException: Unable to connect to the database.
Main connection [MySQLi]: Connection refused
[Method: GET, Route: /]
in SYSTEMPATH/Database/BaseConnection.php on line 606.
 1 SYSTEMPATH/Database/BaseConnection.php(795): CodeIgniter\Database\BaseConnection->initialize()
 2 APPPATH/Controllers/Home.php(14): CodeIgniter\Database\BaseConnection->query()
 3 SYSTEMPATH/CodeIgniter.php(951): App\Controllers\Home->testConnexion()
 4 SYSTEMPATH/CodeIgniter.php(497): CodeIgniter\CodeIgniter->runController()
 5 SYSTEMPATH/CodeIgniter.php(340): CodeIgniter\CodeIgniter->handleRequest()
 6 SYSTEMPATH/Boot.php(417): CodeIgniter\CodeIgniter->run()
 7 SYSTEMPATH/Boot.php(68): CodeIgniter\Boot::runCodeIgniter()
 8 FCPATH/index.php(59): CodeIgniter\Boot::bootWeb()
 9 SYSTEMPATH/rewrite.php(44): require_once('/home/elie/S4/Mr Rojo/Regime/public/index.php')
ERROR - 2026-05-07 13:49:39 --> Error connecting to the database: mysqli_sql_exception: Connection timed out in /home/elie/S4/Mr Rojo/Regime/system/Database/MySQLi/Connection.php:201
Stack trace:
#0 /home/elie/S4/Mr Rojo/Regime/system/Database/MySQLi/Connection.php(201): mysqli->real_connect()
#1 /home/elie/S4/Mr Rojo/Regime/system/Database/BaseConnection.php(555): CodeIgniter\Database\MySQLi\Connection->connect()
#2 /home/elie/S4/Mr Rojo/Regime/system/Database/BaseConnection.php(795): CodeIgniter\Database\BaseConnection->initialize()
#3 /home/elie/S4/Mr Rojo/Regime/app/Controllers/Home.php(14): CodeIgniter\Database\BaseConnection->query()
#4 /home/elie/S4/Mr Rojo/Regime/system/CodeIgniter.php(951): App\Controllers\Home->testConnexion()
#5 /home/elie/S4/Mr Rojo/Regime/system/CodeIgniter.php(497): CodeIgniter\CodeIgniter->runController()
#6 /home/elie/S4/Mr Rojo/Regime/system/CodeIgniter.php(340): CodeIgniter\CodeIgniter->handleRequest()
#7 /home/elie/S4/Mr Rojo/Regime/system/Boot.php(417): CodeIgniter\CodeIgniter->run()
#8 /home/elie/S4/Mr Rojo/Regime/system/Boot.php(68): CodeIgniter\Boot::runCodeIgniter()
#9 /home/elie/S4/Mr Rojo/Regime/public/index.php(59): CodeIgniter\Boot::bootWeb()
#10 /home/elie/S4/Mr Rojo/Regime/system/rewrite.php(44): require_once('...')
#11 {main}

Next CodeIgniter\Database\Exceptions\DatabaseException: Connection timed out in /home/elie/S4/Mr Rojo/Regime/system/Database/MySQLi/Connection.php:231
Stack trace:
#0 /home/elie/S4/Mr Rojo/Regime/system/Database/BaseConnection.php(555): CodeIgniter\Database\MySQLi\Connection->connect()
#1 /home/elie/S4/Mr Rojo/Regime/system/Database/BaseConnection.php(795): CodeIgniter\Database\BaseConnection->initialize()
#2 /home/elie/S4/Mr Rojo/Regime/app/Controllers/Home.php(14): CodeIgniter\Database\BaseConnection->query()
#3 /home/elie/S4/Mr Rojo/Regime/system/CodeIgniter.php(951): App\Controllers\Home->testConnexion()
#4 /home/elie/S4/Mr Rojo/Regime/system/CodeIgniter.php(497): CodeIgniter\CodeIgniter->runController()
#5 /home/elie/S4/Mr Rojo/Regime/system/CodeIgniter.php(340): CodeIgniter\CodeIgniter->handleRequest()
#6 /home/elie/S4/Mr Rojo/Regime/system/Boot.php(417): CodeIgniter\CodeIgniter->run()
#7 /home/elie/S4/Mr Rojo/Regime/system/Boot.php(68): CodeIgniter\Boot::runCodeIgniter()
#8 /home/elie/S4/Mr Rojo/Regime/public/index.php(59): CodeIgniter\Boot::bootWeb()
#9 /home/elie/S4/Mr Rojo/Regime/system/rewrite.php(44): require_once('...')
#10 {main}
CRITICAL - 2026-05-07 13:49:39 --> CodeIgniter\Database\Exceptions\DatabaseException: Unable to connect to the database.
Main connection [MySQLi]: Connection timed out
[Method: GET, Route: /]
in SYSTEMPATH/Database/BaseConnection.php on line 606.
 1 SYSTEMPATH/Database/BaseConnection.php(795): CodeIgniter\Database\BaseConnection->initialize()
 2 APPPATH/Controllers/Home.php(14): CodeIgniter\Database\BaseConnection->query()
 3 SYSTEMPATH/CodeIgniter.php(951): App\Controllers\Home->testConnexion()
 4 SYSTEMPATH/CodeIgniter.php(497): CodeIgniter\CodeIgniter->runController()
 5 SYSTEMPATH/CodeIgniter.php(340): CodeIgniter\CodeIgniter->handleRequest()
 6 SYSTEMPATH/Boot.php(417): CodeIgniter\CodeIgniter->run()
 7 SYSTEMPATH/Boot.php(68): CodeIgniter\Boot::runCodeIgniter()
 8 FCPATH/index.php(59): CodeIgniter\Boot::bootWeb()
 9 SYSTEMPATH/rewrite.php(44): require_once('/home/elie/S4/Mr Rojo/Regime/public/index.php')
ERROR - 2026-05-07 13:50:55 --> Error connecting to the database: mysqli_sql_exception: Connection timed out in /home/elie/S4/Mr Rojo/Regime/system/Database/MySQLi/Connection.php:201
Stack trace:
#0 /home/elie/S4/Mr Rojo/Regime/system/Database/MySQLi/Connection.php(201): mysqli->real_connect()
#1 /home/elie/S4/Mr Rojo/Regime/system/Database/BaseConnection.php(555): CodeIgniter\Database\MySQLi\Connection->connect()
#2 /home/elie/S4/Mr Rojo/Regime/system/Database/BaseConnection.php(795): CodeIgniter\Database\BaseConnection->initialize()
#3 /home/elie/S4/Mr Rojo/Regime/system/Database/BaseBuilder.php(1649): CodeIgniter\Database\BaseConnection->query()
#4 /home/elie/S4/Mr Rojo/Regime/system/Model.php(253): CodeIgniter\Database\BaseBuilder->get()
#5 /home/elie/S4/Mr Rojo/Regime/system/BaseModel.php(676): CodeIgniter\Model->doFindAll()
#6 /home/elie/S4/Mr Rojo/Regime/app/Controllers/Home.php(14): CodeIgniter\BaseModel->findAll()
#7 /home/elie/S4/Mr Rojo/Regime/system/CodeIgniter.php(951): App\Controllers\Home->testConnexion()
#8 /home/elie/S4/Mr Rojo/Regime/system/CodeIgniter.php(497): CodeIgniter\CodeIgniter->runController()
#9 /home/elie/S4/Mr Rojo/Regime/system/CodeIgniter.php(340): CodeIgniter\CodeIgniter->handleRequest()
#10 /home/elie/S4/Mr Rojo/Regime/system/Boot.php(417): CodeIgniter\CodeIgniter->run()
#11 /home/elie/S4/Mr Rojo/Regime/system/Boot.php(68): CodeIgniter\Boot::runCodeIgniter()
#12 /home/elie/S4/Mr Rojo/Regime/public/index.php(59): CodeIgniter\Boot::bootWeb()
#13 /home/elie/S4/Mr Rojo/Regime/system/rewrite.php(44): require_once('...')
#14 {main}

Next CodeIgniter\Database\Exceptions\DatabaseException: Connection timed out in /home/elie/S4/Mr Rojo/Regime/system/Database/MySQLi/Connection.php:231
Stack trace:
#0 /home/elie/S4/Mr Rojo/Regime/system/Database/BaseConnection.php(555): CodeIgniter\Database\MySQLi\Connection->connect()
#1 /home/elie/S4/Mr Rojo/Regime/system/Database/BaseConnection.php(795): CodeIgniter\Database\BaseConnection->initialize()
#2 /home/elie/S4/Mr Rojo/Regime/system/Database/BaseBuilder.php(1649): CodeIgniter\Database\BaseConnection->query()
#3 /home/elie/S4/Mr Rojo/Regime/system/Model.php(253): CodeIgniter\Database\BaseBuilder->get()
#4 /home/elie/S4/Mr Rojo/Regime/system/BaseModel.php(676): CodeIgniter\Model->doFindAll()
#5 /home/elie/S4/Mr Rojo/Regime/app/Controllers/Home.php(14): CodeIgniter\BaseModel->findAll()
#6 /home/elie/S4/Mr Rojo/Regime/system/CodeIgniter.php(951): App\Controllers\Home->testConnexion()
#7 /home/elie/S4/Mr Rojo/Regime/system/CodeIgniter.php(497): CodeIgniter\CodeIgniter->runController()
#8 /home/elie/S4/Mr Rojo/Regime/system/CodeIgniter.php(340): CodeIgniter\CodeIgniter->handleRequest()
#9 /home/elie/S4/Mr Rojo/Regime/system/Boot.php(417): CodeIgniter\CodeIgniter->run()
#10 /home/elie/S4/Mr Rojo/Regime/system/Boot.php(68): CodeIgniter\Boot::runCodeIgniter()
#11 /home/elie/S4/Mr Rojo/Regime/public/index.php(59): CodeIgniter\Boot::bootWeb()
#12 /home/elie/S4/Mr Rojo/Regime/system/rewrite.php(44): require_once('...')
#13 {main}
CRITICAL - 2026-05-07 13:50:55 --> CodeIgniter\Database\Exceptions\DatabaseException: Unable to connect to the database.
Main connection [MySQLi]: Connection timed out
[Method: GET, Route: /]
in SYSTEMPATH/Database/BaseConnection.php on line 606.
 1 SYSTEMPATH/Database/BaseConnection.php(795): CodeIgniter\Database\BaseConnection->initialize()
 2 SYSTEMPATH/Database/BaseBuilder.php(1649): CodeIgniter\Database\BaseConnection->query()
 3 SYSTEMPATH/Model.php(253): CodeIgniter\Database\BaseBuilder->get()
 4 SYSTEMPATH/BaseModel.php(676): CodeIgniter\Model->doFindAll()
 5 APPPATH/Controllers/Home.php(14): CodeIgniter\BaseModel->findAll()
 6 SYSTEMPATH/CodeIgniter.php(951): App\Controllers\Home->testConnexion()
 7 SYSTEMPATH/CodeIgniter.php(497): CodeIgniter\CodeIgniter->runController()
 8 SYSTEMPATH/CodeIgniter.php(340): CodeIgniter\CodeIgniter->handleRequest()
 9 SYSTEMPATH/Boot.php(417): CodeIgniter\CodeIgniter->run()
10 SYSTEMPATH/Boot.php(68): CodeIgniter\Boot::runCodeIgniter()
11 FCPATH/index.php(59): CodeIgniter\Boot::bootWeb()
12 SYSTEMPATH/rewrite.php(44): require_once('/home/elie/S4/Mr Rojo/Regime/public/index.php')
ERROR - 2026-05-07 13:51:28 --> Error connecting to the database: mysqli_sql_exception: Connection timed out in /home/elie/S4/Mr Rojo/Regime/system/Database/MySQLi/Connection.php:201
Stack trace:
#0 /home/elie/S4/Mr Rojo/Regime/system/Database/MySQLi/Connection.php(201): mysqli->real_connect()
#1 /home/elie/S4/Mr Rojo/Regime/system/Database/BaseConnection.php(555): CodeIgniter\Database\MySQLi\Connection->connect()
#2 /home/elie/S4/Mr Rojo/Regime/system/Database/BaseConnection.php(795): CodeIgniter\Database\BaseConnection->initialize()
#3 /home/elie/S4/Mr Rojo/Regime/system/Database/BaseBuilder.php(1649): CodeIgniter\Database\BaseConnection->query()
#4 /home/elie/S4/Mr Rojo/Regime/system/Model.php(253): CodeIgniter\Database\BaseBuilder->get()
#5 /home/elie/S4/Mr Rojo/Regime/system/BaseModel.php(676): CodeIgniter\Model->doFindAll()
#6 /home/elie/S4/Mr Rojo/Regime/app/Controllers/Home.php(14): CodeIgniter\BaseModel->findAll()
#7 /home/elie/S4/Mr Rojo/Regime/system/CodeIgniter.php(951): App\Controllers\Home->testConnexion()
#8 /home/elie/S4/Mr Rojo/Regime/system/CodeIgniter.php(497): CodeIgniter\CodeIgniter->runController()
#9 /home/elie/S4/Mr Rojo/Regime/system/CodeIgniter.php(340): CodeIgniter\CodeIgniter->handleRequest()
#10 /home/elie/S4/Mr Rojo/Regime/system/Boot.php(417): CodeIgniter\CodeIgniter->run()
#11 /home/elie/S4/Mr Rojo/Regime/system/Boot.php(68): CodeIgniter\Boot::runCodeIgniter()
#12 /home/elie/S4/Mr Rojo/Regime/public/index.php(59): CodeIgniter\Boot::bootWeb()
#13 /home/elie/S4/Mr Rojo/Regime/system/rewrite.php(44): require_once('...')
#14 {main}

Next CodeIgniter\Database\Exceptions\DatabaseException: Connection timed out in /home/elie/S4/Mr Rojo/Regime/system/Database/MySQLi/Connection.php:231
Stack trace:
#0 /home/elie/S4/Mr Rojo/Regime/system/Database/BaseConnection.php(555): CodeIgniter\Database\MySQLi\Connection->connect()
#1 /home/elie/S4/Mr Rojo/Regime/system/Database/BaseConnection.php(795): CodeIgniter\Database\BaseConnection->initialize()
#2 /home/elie/S4/Mr Rojo/Regime/system/Database/BaseBuilder.php(1649): CodeIgniter\Database\BaseConnection->query()
#3 /home/elie/S4/Mr Rojo/Regime/system/Model.php(253): CodeIgniter\Database\BaseBuilder->get()
#4 /home/elie/S4/Mr Rojo/Regime/system/BaseModel.php(676): CodeIgniter\Model->doFindAll()
#5 /home/elie/S4/Mr Rojo/Regime/app/Controllers/Home.php(14): CodeIgniter\BaseModel->findAll()
#6 /home/elie/S4/Mr Rojo/Regime/system/CodeIgniter.php(951): App\Controllers\Home->testConnexion()
#7 /home/elie/S4/Mr Rojo/Regime/system/CodeIgniter.php(497): CodeIgniter\CodeIgniter->runController()
#8 /home/elie/S4/Mr Rojo/Regime/system/CodeIgniter.php(340): CodeIgniter\CodeIgniter->handleRequest()
#9 /home/elie/S4/Mr Rojo/Regime/system/Boot.php(417): CodeIgniter\CodeIgniter->run()
#10 /home/elie/S4/Mr Rojo/Regime/system/Boot.php(68): CodeIgniter\Boot::runCodeIgniter()
#11 /home/elie/S4/Mr Rojo/Regime/public/index.php(59): CodeIgniter\Boot::bootWeb()
#12 /home/elie/S4/Mr Rojo/Regime/system/rewrite.php(44): require_once('...')
#13 {main}
CRITICAL - 2026-05-07 13:51:28 --> CodeIgniter\Database\Exceptions\DatabaseException: Unable to connect to the database.
Main connection [MySQLi]: Connection timed out
[Method: GET, Route: /]
in SYSTEMPATH/Database/BaseConnection.php on line 606.
 1 SYSTEMPATH/Database/BaseConnection.php(795): CodeIgniter\Database\BaseConnection->initialize()
 2 SYSTEMPATH/Database/BaseBuilder.php(1649): CodeIgniter\Database\BaseConnection->query()
 3 SYSTEMPATH/Model.php(253): CodeIgniter\Database\BaseBuilder->get()
 4 SYSTEMPATH/BaseModel.php(676): CodeIgniter\Model->doFindAll()
 5 APPPATH/Controllers/Home.php(14): CodeIgniter\BaseModel->findAll()
 6 SYSTEMPATH/CodeIgniter.php(951): App\Controllers\Home->testConnexion()
 7 SYSTEMPATH/CodeIgniter.php(497): CodeIgniter\CodeIgniter->runController()
 8 SYSTEMPATH/CodeIgniter.php(340): CodeIgniter\CodeIgniter->handleRequest()
 9 SYSTEMPATH/Boot.php(417): CodeIgniter\CodeIgniter->run()
10 SYSTEMPATH/Boot.php(68): CodeIgniter\Boot::runCodeIgniter()
11 FCPATH/index.php(59): CodeIgniter\Boot::bootWeb()
12 SYSTEMPATH/rewrite.php(44): require_once('/home/elie/S4/Mr Rojo/Regime/public/index.php')
ERROR - 2026-05-07 13:52:28 --> Error connecting to the database: mysqli_sql_exception: Connection timed out in /home/elie/S4/Mr Rojo/Regime/system/Database/MySQLi/Connection.php:201
Stack trace:
#0 /home/elie/S4/Mr Rojo/Regime/system/Database/MySQLi/Connection.php(201): mysqli->real_connect()
#1 /home/elie/S4/Mr Rojo/Regime/system/Database/BaseConnection.php(555): CodeIgniter\Database\MySQLi\Connection->connect()
#2 /home/elie/S4/Mr Rojo/Regime/system/Database/BaseConnection.php(795): CodeIgniter\Database\BaseConnection->initialize()
#3 /home/elie/S4/Mr Rojo/Regime/system/Database/BaseBuilder.php(1649): CodeIgniter\Database\BaseConnection->query()
#4 /home/elie/S4/Mr Rojo/Regime/system/Model.php(253): CodeIgniter\Database\BaseBuilder->get()
#5 /home/elie/S4/Mr Rojo/Regime/system/BaseModel.php(676): CodeIgniter\Model->doFindAll()
#6 /home/elie/S4/Mr Rojo/Regime/app/Controllers/Home.php(14): CodeIgniter\BaseModel->findAll()
#7 /home/elie/S4/Mr Rojo/Regime/system/CodeIgniter.php(951): App\Controllers\Home->testConnexion()
#8 /home/elie/S4/Mr Rojo/Regime/system/CodeIgniter.php(497): CodeIgniter\CodeIgniter->runController()
#9 /home/elie/S4/Mr Rojo/Regime/system/CodeIgniter.php(340): CodeIgniter\CodeIgniter->handleRequest()
#10 /home/elie/S4/Mr Rojo/Regime/system/Boot.php(417): CodeIgniter\CodeIgniter->run()
#11 /home/elie/S4/Mr Rojo/Regime/system/Boot.php(68): CodeIgniter\Boot::runCodeIgniter()
#12 /home/elie/S4/Mr Rojo/Regime/public/index.php(59): CodeIgniter\Boot::bootWeb()
#13 /home/elie/S4/Mr Rojo/Regime/system/rewrite.php(44): require_once('...')
#14 {main}

Next CodeIgniter\Database\Exceptions\DatabaseException: Connection timed out in /home/elie/S4/Mr Rojo/Regime/system/Database/MySQLi/Connection.php:231
Stack trace:
#0 /home/elie/S4/Mr Rojo/Regime/system/Database/BaseConnection.php(555): CodeIgniter\Database\MySQLi\Connection->connect()
#1 /home/elie/S4/Mr Rojo/Regime/system/Database/BaseConnection.php(795): CodeIgniter\Database\BaseConnection->initialize()
#2 /home/elie/S4/Mr Rojo/Regime/system/Database/BaseBuilder.php(1649): CodeIgniter\Database\BaseConnection->query()
#3 /home/elie/S4/Mr Rojo/Regime/system/Model.php(253): CodeIgniter\Database\BaseBuilder->get()
#4 /home/elie/S4/Mr Rojo/Regime/system/BaseModel.php(676): CodeIgniter\Model->doFindAll()
#5 /home/elie/S4/Mr Rojo/Regime/app/Controllers/Home.php(14): CodeIgniter\BaseModel->findAll()
#6 /home/elie/S4/Mr Rojo/Regime/system/CodeIgniter.php(951): App\Controllers\Home->testConnexion()
#7 /home/elie/S4/Mr Rojo/Regime/system/CodeIgniter.php(497): CodeIgniter\CodeIgniter->runController()
#8 /home/elie/S4/Mr Rojo/Regime/system/CodeIgniter.php(340): CodeIgniter\CodeIgniter->handleRequest()
#9 /home/elie/S4/Mr Rojo/Regime/system/Boot.php(417): CodeIgniter\CodeIgniter->run()
#10 /home/elie/S4/Mr Rojo/Regime/system/Boot.php(68): CodeIgniter\Boot::runCodeIgniter()
#11 /home/elie/S4/Mr Rojo/Regime/public/index.php(59): CodeIgniter\Boot::bootWeb()
#12 /home/elie/S4/Mr Rojo/Regime/system/rewrite.php(44): require_once('...')
#13 {main}
CRITICAL - 2026-05-07 13:52:28 --> CodeIgniter\Database\Exceptions\DatabaseException: Unable to connect to the database.
Main connection [MySQLi]: Connection timed out
[Method: GET, Route: /]
in SYSTEMPATH/Database/BaseConnection.php on line 606.
 1 SYSTEMPATH/Database/BaseConnection.php(795): CodeIgniter\Database\BaseConnection->initialize()
 2 SYSTEMPATH/Database/BaseBuilder.php(1649): CodeIgniter\Database\BaseConnection->query()
 3 SYSTEMPATH/Model.php(253): CodeIgniter\Database\BaseBuilder->get()
 4 SYSTEMPATH/BaseModel.php(676): CodeIgniter\Model->doFindAll()
 5 APPPATH/Controllers/Home.php(14): CodeIgniter\BaseModel->findAll()
 6 SYSTEMPATH/CodeIgniter.php(951): App\Controllers\Home->testConnexion()
 7 SYSTEMPATH/CodeIgniter.php(497): CodeIgniter\CodeIgniter->runController()
 8 SYSTEMPATH/CodeIgniter.php(340): CodeIgniter\CodeIgniter->handleRequest()
 9 SYSTEMPATH/Boot.php(417): CodeIgniter\CodeIgniter->run()
10 SYSTEMPATH/Boot.php(68): CodeIgniter\Boot::runCodeIgniter()
11 FCPATH/index.php(59): CodeIgniter\Boot::bootWeb()
12 SYSTEMPATH/rewrite.php(44): require_once('/home/elie/S4/Mr Rojo/Regime/public/index.php')
ERROR - 2026-05-07 13:52:58 --> Error connecting to the database: mysqli_sql_exception: Connection timed out in /home/elie/S4/Mr Rojo/Regime/system/Database/MySQLi/Connection.php:201
Stack trace:
#0 /home/elie/S4/Mr Rojo/Regime/system/Database/MySQLi/Connection.php(201): mysqli->real_connect()
#1 /home/elie/S4/Mr Rojo/Regime/system/Database/BaseConnection.php(555): CodeIgniter\Database\MySQLi\Connection->connect()
#2 /home/elie/S4/Mr Rojo/Regime/system/Database/BaseConnection.php(795): CodeIgniter\Database\BaseConnection->initialize()
#3 /home/elie/S4/Mr Rojo/Regime/system/Database/BaseBuilder.php(1649): CodeIgniter\Database\BaseConnection->query()
#4 /home/elie/S4/Mr Rojo/Regime/system/Model.php(253): CodeIgniter\Database\BaseBuilder->get()
#5 /home/elie/S4/Mr Rojo/Regime/system/BaseModel.php(676): CodeIgniter\Model->doFindAll()
#6 /home/elie/S4/Mr Rojo/Regime/app/Controllers/Home.php(14): CodeIgniter\BaseModel->findAll()
#7 /home/elie/S4/Mr Rojo/Regime/system/CodeIgniter.php(951): App\Controllers\Home->testConnexion()
#8 /home/elie/S4/Mr Rojo/Regime/system/CodeIgniter.php(497): CodeIgniter\CodeIgniter->runController()
#9 /home/elie/S4/Mr Rojo/Regime/system/CodeIgniter.php(340): CodeIgniter\CodeIgniter->handleRequest()
#10 /home/elie/S4/Mr Rojo/Regime/system/Boot.php(417): CodeIgniter\CodeIgniter->run()
#11 /home/elie/S4/Mr Rojo/Regime/system/Boot.php(68): CodeIgniter\Boot::runCodeIgniter()
#12 /home/elie/S4/Mr Rojo/Regime/public/index.php(59): CodeIgniter\Boot::bootWeb()
#13 /home/elie/S4/Mr Rojo/Regime/system/rewrite.php(44): require_once('...')
#14 {main}

Next CodeIgniter\Database\Exceptions\DatabaseException: Connection timed out in /home/elie/S4/Mr Rojo/Regime/system/Database/MySQLi/Connection.php:231
Stack trace:
#0 /home/elie/S4/Mr Rojo/Regime/system/Database/BaseConnection.php(555): CodeIgniter\Database\MySQLi\Connection->connect()
#1 /home/elie/S4/Mr Rojo/Regime/system/Database/BaseConnection.php(795): CodeIgniter\Database\BaseConnection->initialize()
#2 /home/elie/S4/Mr Rojo/Regime/system/Database/BaseBuilder.php(1649): CodeIgniter\Database\BaseConnection->query()
#3 /home/elie/S4/Mr Rojo/Regime/system/Model.php(253): CodeIgniter\Database\BaseBuilder->get()
#4 /home/elie/S4/Mr Rojo/Regime/system/BaseModel.php(676): CodeIgniter\Model->doFindAll()
#5 /home/elie/S4/Mr Rojo/Regime/app/Controllers/Home.php(14): CodeIgniter\BaseModel->findAll()
#6 /home/elie/S4/Mr Rojo/Regime/system/CodeIgniter.php(951): App\Controllers\Home->testConnexion()
#7 /home/elie/S4/Mr Rojo/Regime/system/CodeIgniter.php(497): CodeIgniter\CodeIgniter->runController()
#8 /home/elie/S4/Mr Rojo/Regime/system/CodeIgniter.php(340): CodeIgniter\CodeIgniter->handleRequest()
#9 /home/elie/S4/Mr Rojo/Regime/system/Boot.php(417): CodeIgniter\CodeIgniter->run()
#10 /home/elie/S4/Mr Rojo/Regime/system/Boot.php(68): CodeIgniter\Boot::runCodeIgniter()
#11 /home/elie/S4/Mr Rojo/Regime/public/index.php(59): CodeIgniter\Boot::bootWeb()
#12 /home/elie/S4/Mr Rojo/Regime/system/rewrite.php(44): require_once('...')
#13 {main}
CRITICAL - 2026-05-07 13:52:58 --> CodeIgniter\Database\Exceptions\DatabaseException: Unable to connect to the database.
Main connection [MySQLi]: Connection timed out
[Method: GET, Route: /]
in SYSTEMPATH/Database/BaseConnection.php on line 606.
 1 SYSTEMPATH/Database/BaseConnection.php(795): CodeIgniter\Database\BaseConnection->initialize()
 2 SYSTEMPATH/Database/BaseBuilder.php(1649): CodeIgniter\Database\BaseConnection->query()
 3 SYSTEMPATH/Model.php(253): CodeIgniter\Database\BaseBuilder->get()
 4 SYSTEMPATH/BaseModel.php(676): CodeIgniter\Model->doFindAll()
 5 APPPATH/Controllers/Home.php(14): CodeIgniter\BaseModel->findAll()
 6 SYSTEMPATH/CodeIgniter.php(951): App\Controllers\Home->testConnexion()
 7 SYSTEMPATH/CodeIgniter.php(497): CodeIgniter\CodeIgniter->runController()
 8 SYSTEMPATH/CodeIgniter.php(340): CodeIgniter\CodeIgniter->handleRequest()
 9 SYSTEMPATH/Boot.php(417): CodeIgniter\CodeIgniter->run()
10 SYSTEMPATH/Boot.php(68): CodeIgniter\Boot::runCodeIgniter()
11 FCPATH/index.php(59): CodeIgniter\Boot::bootWeb()
12 SYSTEMPATH/rewrite.php(44): require_once('/home/elie/S4/Mr Rojo/Regime/public/index.php')
ERROR - 2026-05-07 13:55:37 --> Error connecting to the database: mysqli_sql_exception: Connection timed out in /home/elie/S4/Mr Rojo/Regime/system/Database/MySQLi/Connection.php:201
Stack trace:
#0 /home/elie/S4/Mr Rojo/Regime/system/Database/MySQLi/Connection.php(201): mysqli->real_connect()
#1 /home/elie/S4/Mr Rojo/Regime/system/Database/BaseConnection.php(555): CodeIgniter\Database\MySQLi\Connection->connect()
#2 /home/elie/S4/Mr Rojo/Regime/system/Database/BaseConnection.php(795): CodeIgniter\Database\BaseConnection->initialize()
#3 /home/elie/S4/Mr Rojo/Regime/system/Database/BaseBuilder.php(1649): CodeIgniter\Database\BaseConnection->query()
#4 /home/elie/S4/Mr Rojo/Regime/system/Model.php(253): CodeIgniter\Database\BaseBuilder->get()
#5 /home/elie/S4/Mr Rojo/Regime/system/BaseModel.php(676): CodeIgniter\Model->doFindAll()
#6 /home/elie/S4/Mr Rojo/Regime/app/Controllers/Home.php(14): CodeIgniter\BaseModel->findAll()
#7 /home/elie/S4/Mr Rojo/Regime/system/CodeIgniter.php(951): App\Controllers\Home->testConnexion()
#8 /home/elie/S4/Mr Rojo/Regime/system/CodeIgniter.php(497): CodeIgniter\CodeIgniter->runController()
#9 /home/elie/S4/Mr Rojo/Regime/system/CodeIgniter.php(340): CodeIgniter\CodeIgniter->handleRequest()
#10 /home/elie/S4/Mr Rojo/Regime/system/Boot.php(417): CodeIgniter\CodeIgniter->run()
#11 /home/elie/S4/Mr Rojo/Regime/system/Boot.php(68): CodeIgniter\Boot::runCodeIgniter()
#12 /home/elie/S4/Mr Rojo/Regime/public/index.php(59): CodeIgniter\Boot::bootWeb()
#13 /home/elie/S4/Mr Rojo/Regime/system/rewrite.php(44): require_once('...')
#14 {main}

Next CodeIgniter\Database\Exceptions\DatabaseException: Connection timed out in /home/elie/S4/Mr Rojo/Regime/system/Database/MySQLi/Connection.php:231
Stack trace:
#0 /home/elie/S4/Mr Rojo/Regime/system/Database/BaseConnection.php(555): CodeIgniter\Database\MySQLi\Connection->connect()
#1 /home/elie/S4/Mr Rojo/Regime/system/Database/BaseConnection.php(795): CodeIgniter\Database\BaseConnection->initialize()
#2 /home/elie/S4/Mr Rojo/Regime/system/Database/BaseBuilder.php(1649): CodeIgniter\Database\BaseConnection->query()
#3 /home/elie/S4/Mr Rojo/Regime/system/Model.php(253): CodeIgniter\Database\BaseBuilder->get()
#4 /home/elie/S4/Mr Rojo/Regime/system/BaseModel.php(676): CodeIgniter\Model->doFindAll()
#5 /home/elie/S4/Mr Rojo/Regime/app/Controllers/Home.php(14): CodeIgniter\BaseModel->findAll()
#6 /home/elie/S4/Mr Rojo/Regime/system/CodeIgniter.php(951): App\Controllers\Home->testConnexion()
#7 /home/elie/S4/Mr Rojo/Regime/system/CodeIgniter.php(497): CodeIgniter\CodeIgniter->runController()
#8 /home/elie/S4/Mr Rojo/Regime/system/CodeIgniter.php(340): CodeIgniter\CodeIgniter->handleRequest()
#9 /home/elie/S4/Mr Rojo/Regime/system/Boot.php(417): CodeIgniter\CodeIgniter->run()
#10 /home/elie/S4/Mr Rojo/Regime/system/Boot.php(68): CodeIgniter\Boot::runCodeIgniter()
#11 /home/elie/S4/Mr Rojo/Regime/public/index.php(59): CodeIgniter\Boot::bootWeb()
#12 /home/elie/S4/Mr Rojo/Regime/system/rewrite.php(44): require_once('...')
#13 {main}
CRITICAL - 2026-05-07 13:55:37 --> CodeIgniter\Database\Exceptions\DatabaseException: Unable to connect to the database.
Main connection [MySQLi]: Connection timed out
[Method: GET, Route: /]
in SYSTEMPATH/Database/BaseConnection.php on line 606.
 1 SYSTEMPATH/Database/BaseConnection.php(795): CodeIgniter\Database\BaseConnection->initialize()
 2 SYSTEMPATH/Database/BaseBuilder.php(1649): CodeIgniter\Database\BaseConnection->query()
 3 SYSTEMPATH/Model.php(253): CodeIgniter\Database\BaseBuilder->get()
 4 SYSTEMPATH/BaseModel.php(676): CodeIgniter\Model->doFindAll()
 5 APPPATH/Controllers/Home.php(14): CodeIgniter\BaseModel->findAll()
 6 SYSTEMPATH/CodeIgniter.php(951): App\Controllers\Home->testConnexion()
 7 SYSTEMPATH/CodeIgniter.php(497): CodeIgniter\CodeIgniter->runController()
 8 SYSTEMPATH/CodeIgniter.php(340): CodeIgniter\CodeIgniter->handleRequest()
 9 SYSTEMPATH/Boot.php(417): CodeIgniter\CodeIgniter->run()
10 SYSTEMPATH/Boot.php(68): CodeIgniter\Boot::runCodeIgniter()
11 FCPATH/index.php(59): CodeIgniter\Boot::bootWeb()
12 SYSTEMPATH/rewrite.php(44): require_once('/home/elie/S4/Mr Rojo/Regime/public/index.php')
ERROR - 2026-05-07 13:56:55 --> Error connecting to the database: mysqli_sql_exception: Connection timed out in /home/elie/S4/Mr Rojo/Regime/system/Database/MySQLi/Connection.php:201
Stack trace:
#0 /home/elie/S4/Mr Rojo/Regime/system/Database/MySQLi/Connection.php(201): mysqli->real_connect()
#1 /home/elie/S4/Mr Rojo/Regime/system/Database/BaseConnection.php(555): CodeIgniter\Database\MySQLi\Connection->connect()
#2 /home/elie/S4/Mr Rojo/Regime/system/Database/BaseConnection.php(795): CodeIgniter\Database\BaseConnection->initialize()
#3 /home/elie/S4/Mr Rojo/Regime/system/Database/BaseBuilder.php(1649): CodeIgniter\Database\BaseConnection->query()
#4 /home/elie/S4/Mr Rojo/Regime/system/Model.php(253): CodeIgniter\Database\BaseBuilder->get()
#5 /home/elie/S4/Mr Rojo/Regime/system/BaseModel.php(676): CodeIgniter\Model->doFindAll()
#6 /home/elie/S4/Mr Rojo/Regime/app/Controllers/Home.php(14): CodeIgniter\BaseModel->findAll()
#7 /home/elie/S4/Mr Rojo/Regime/system/CodeIgniter.php(951): App\Controllers\Home->testConnexion()
#8 /home/elie/S4/Mr Rojo/Regime/system/CodeIgniter.php(497): CodeIgniter\CodeIgniter->runController()
#9 /home/elie/S4/Mr Rojo/Regime/system/CodeIgniter.php(340): CodeIgniter\CodeIgniter->handleRequest()
#10 /home/elie/S4/Mr Rojo/Regime/system/Boot.php(417): CodeIgniter\CodeIgniter->run()
#11 /home/elie/S4/Mr Rojo/Regime/system/Boot.php(68): CodeIgniter\Boot::runCodeIgniter()
#12 /home/elie/S4/Mr Rojo/Regime/public/index.php(59): CodeIgniter\Boot::bootWeb()
#13 /home/elie/S4/Mr Rojo/Regime/system/rewrite.php(44): require_once('...')
#14 {main}

Next CodeIgniter\Database\Exceptions\DatabaseException: Connection timed out in /home/elie/S4/Mr Rojo/Regime/system/Database/MySQLi/Connection.php:231
Stack trace:
#0 /home/elie/S4/Mr Rojo/Regime/system/Database/BaseConnection.php(555): CodeIgniter\Database\MySQLi\Connection->connect()
#1 /home/elie/S4/Mr Rojo/Regime/system/Database/BaseConnection.php(795): CodeIgniter\Database\BaseConnection->initialize()
#2 /home/elie/S4/Mr Rojo/Regime/system/Database/BaseBuilder.php(1649): CodeIgniter\Database\BaseConnection->query()
#3 /home/elie/S4/Mr Rojo/Regime/system/Model.php(253): CodeIgniter\Database\BaseBuilder->get()
#4 /home/elie/S4/Mr Rojo/Regime/system/BaseModel.php(676): CodeIgniter\Model->doFindAll()
#5 /home/elie/S4/Mr Rojo/Regime/app/Controllers/Home.php(14): CodeIgniter\BaseModel->findAll()
#6 /home/elie/S4/Mr Rojo/Regime/system/CodeIgniter.php(951): App\Controllers\Home->testConnexion()
#7 /home/elie/S4/Mr Rojo/Regime/system/CodeIgniter.php(497): CodeIgniter\CodeIgniter->runController()
#8 /home/elie/S4/Mr Rojo/Regime/system/CodeIgniter.php(340): CodeIgniter\CodeIgniter->handleRequest()
#9 /home/elie/S4/Mr Rojo/Regime/system/Boot.php(417): CodeIgniter\CodeIgniter->run()
#10 /home/elie/S4/Mr Rojo/Regime/system/Boot.php(68): CodeIgniter\Boot::runCodeIgniter()
#11 /home/elie/S4/Mr Rojo/Regime/public/index.php(59): CodeIgniter\Boot::bootWeb()
#12 /home/elie/S4/Mr Rojo/Regime/system/rewrite.php(44): require_once('...')
#13 {main}
CRITICAL - 2026-05-07 13:56:55 --> CodeIgniter\Database\Exceptions\DatabaseException: Unable to connect to the database.
Main connection [MySQLi]: Connection timed out
[Method: GET, Route: /]
in SYSTEMPATH/Database/BaseConnection.php on line 606.
 1 SYSTEMPATH/Database/BaseConnection.php(795): CodeIgniter\Database\BaseConnection->initialize()
 2 SYSTEMPATH/Database/BaseBuilder.php(1649): CodeIgniter\Database\BaseConnection->query()
 3 SYSTEMPATH/Model.php(253): CodeIgniter\Database\BaseBuilder->get()
 4 SYSTEMPATH/BaseModel.php(676): CodeIgniter\Model->doFindAll()
 5 APPPATH/Controllers/Home.php(14): CodeIgniter\BaseModel->findAll()
 6 SYSTEMPATH/CodeIgniter.php(951): App\Controllers\Home->testConnexion()
 7 SYSTEMPATH/CodeIgniter.php(497): CodeIgniter\CodeIgniter->runController()
 8 SYSTEMPATH/CodeIgniter.php(340): CodeIgniter\CodeIgniter->handleRequest()
 9 SYSTEMPATH/Boot.php(417): CodeIgniter\CodeIgniter->run()
10 SYSTEMPATH/Boot.php(68): CodeIgniter\Boot::runCodeIgniter()
11 FCPATH/index.php(59): CodeIgniter\Boot::bootWeb()
12 SYSTEMPATH/rewrite.php(44): require_once('/home/elie/S4/Mr Rojo/Regime/public/index.php')
CRITICAL - 2026-05-07 14:02:36 --> ErrorException: Undefined array key "username"
[Method: GET, Route: /]
in APPPATH/Views/testConnexion.php on line 13.
 1 APPPATH/Views/testConnexion.php(13): CodeIgniter\Debug\Exceptions->errorHandler()
 2 SYSTEMPATH/View/View.php(240): include('/home/elie/S4/Mr Rojo/Regime/app/Views/testConnexion.php')
 3 SYSTEMPATH/View/View.php(243): CodeIgniter\View\View->{closure:CodeIgniter\View\View::render():237}()
 4 SYSTEMPATH/Common.php(1250): CodeIgniter\View\View->render()
 5 APPPATH/Controllers/Home.php(16): view()
 6 SYSTEMPATH/CodeIgniter.php(951): App\Controllers\Home->testConnexion()
 7 SYSTEMPATH/CodeIgniter.php(497): CodeIgniter\CodeIgniter->runController()
 8 SYSTEMPATH/CodeIgniter.php(340): CodeIgniter\CodeIgniter->handleRequest()
 9 SYSTEMPATH/Boot.php(417): CodeIgniter\CodeIgniter->run()
10 SYSTEMPATH/Boot.php(68): CodeIgniter\Boot::runCodeIgniter()
11 FCPATH/index.php(59): CodeIgniter\Boot::bootWeb()
12 SYSTEMPATH/rewrite.php(44): require_once('/home/elie/S4/Mr Rojo/Regime/public/index.php')
