CRITICAL - 2026-05-09 03:15:58 --> ErrorException: Trying to access array offset on null
[Method: GET, Route: dashboard]
in APPPATH/Controllers/Home.php on line 34.
 1 APPPATH/Controllers/Home.php(34): CodeIgniter\Debug\Exceptions->errorHandler()
 2 SYSTEMPATH/CodeIgniter.php(951): App\Controllers\Home->init()
 3 SYSTEMPATH/CodeIgniter.php(497): CodeIgniter\CodeIgniter->runController()
 4 SYSTEMPATH/CodeIgniter.php(340): CodeIgniter\CodeIgniter->handleRequest()
 5 SYSTEMPATH/Boot.php(417): CodeIgniter\CodeIgniter->run()
 6 SYSTEMPATH/Boot.php(68): CodeIgniter\Boot::runCodeIgniter()
 7 FCPATH/index.php(59): CodeIgniter\Boot::bootWeb()
 8 SYSTEMPATH/rewrite.php(44): require_once('/home/harena/Documents/ITU/S4/Système d’information/Regime/public/index.php')
CRITICAL - 2026-05-09 09:26:38 --> ErrorException: Trying to access array offset on null
[Method: GET, Route: paiement/traitement]
in APPPATH/Controllers/PaiementController.php on line 124.
 1 APPPATH/Controllers/PaiementController.php(124): CodeIgniter\Debug\Exceptions->errorHandler()
 2 SYSTEMPATH/CodeIgniter.php(951): App\Controllers\PaiementController->index()
 3 SYSTEMPATH/CodeIgniter.php(497): CodeIgniter\CodeIgniter->runController()
 4 SYSTEMPATH/CodeIgniter.php(340): CodeIgniter\CodeIgniter->handleRequest()
 5 SYSTEMPATH/Boot.php(417): CodeIgniter\CodeIgniter->run()
 6 SYSTEMPATH/Boot.php(68): CodeIgniter\Boot::runCodeIgniter()
 7 FCPATH/index.php(59): CodeIgniter\Boot::bootWeb()
 8 SYSTEMPATH/rewrite.php(44): require_once('/home/harena/Documents/ITU/S4/Système d’information/Regime/public/index.php')
CRITICAL - 2026-05-09 16:17:08 --> ErrorException: Trying to access array offset on null
[Method: GET, Route: liste-regimes]
in APPPATH/Controllers/RegimeController.php on line 23.
 1 APPPATH/Controllers/RegimeController.php(23): CodeIgniter\Debug\Exceptions->errorHandler()
 2 SYSTEMPATH/CodeIgniter.php(951): App\Controllers\RegimeController->afficherRegimesByIdCategorie()
 3 SYSTEMPATH/CodeIgniter.php(497): CodeIgniter\CodeIgniter->runController()
 4 SYSTEMPATH/CodeIgniter.php(340): CodeIgniter\CodeIgniter->handleRequest()
 5 SYSTEMPATH/Boot.php(417): CodeIgniter\CodeIgniter->run()
 6 SYSTEMPATH/Boot.php(68): CodeIgniter\Boot::runCodeIgniter()
 7 FCPATH/index.php(59): CodeIgniter\Boot::bootWeb()
 8 SYSTEMPATH/rewrite.php(44): require_once('/home/harena/Documents/ITU/S4/Système d’information/Regime/public/index.php')
